<?xml version="1.0" encoding="UTF-8"?>
<testng-results ignored="0" total="1" passed="1" failed="0" skipped="0">
  <reporter-output>
  </reporter-output>
  <suite started-at="2022-11-19T08:19:50 IST" name="Default suite" finished-at="2022-11-19T08:19:59 IST" duration-ms="9372">
    <groups>
    </groups>
    <test started-at="2022-11-19T08:19:50 IST" name="Default test" finished-at="2022-11-19T08:19:59 IST" duration-ms="9372">
      <class name="Testing.Test2.GetTest">
        <test-method signature="testingGet()[pri:0, instance:Testing.Test2.GetTest@6da21078]" started-at="2022-11-19T08:19:50 IST" name="testingGet" finished-at="2022-11-19T08:19:59 IST" duration-ms="9272" status="PASS">
          <reporter-output>
          </reporter-output>
        </test-method> <!-- testingGet -->
      </class> <!-- Testing.Test2.GetTest -->
    </test> <!-- Default test -->
  </suite> <!-- Default suite -->
</testng-results>
